{"/Users/tarandeepsinghjuneja/ASSIGNMENT SDE 1/docqa-ai/frontend/src/utils/formatTime.ts": {"path":"/Users/tarandeepsinghjuneja/ASSIGNMENT SDE 1/docqa-ai/frontend/src/utils/formatTime.ts","statementMap":{"0":{"start":{"line":6,"column":15},"end":{"line":6,"column":39}},"1":{"start":{"line":7,"column":15},"end":{"line":7,"column":39}},"2":{"start":{"line":8,"column":2},"end":{"line":8,"column":null}},"3":{"start":{"line":12,"column":2},"end":{"line":16,"column":null}},"4":{"start":{"line":13,"column":18},"end":{"line":13,"column":44}},"5":{"start":{"line":14,"column":17},"end":{"line":14,"column":50}},"6":{"start":{"line":15,"column":17},"end":{"line":15,"column":41}},"7":{"start":{"line":16,"column":4},"end":{"line":16,"column":null}},"8":{"start":{"line":18,"column":2},"end":{"line":18,"column":null}},"9":{"start":{"line":22,"column":16},"end":{"line":22,"column":null}},"10":{"start":{"line":23,"column":13},"end":{"line":23,"column":null}},"11":{"start":{"line":24,"column":18},"end":{"line":24,"column":null}},"12":{"start":{"line":25,"column":2},"end":{"line":27,"column":null}},"13":{"start":{"line":26,"column":4},"end":{"line":26,"column":null}},"14":{"start":{"line":27,"column":4},"end":{"line":27,"column":null}},"15":{"start":{"line":29,"column":2},"end":{"line":29,"column":null}},"16":{"start":{"line":33,"column":14},"end":{"line":33,"column":24}},"17":{"start":{"line":34,"column":15},"end":{"line":34,"column":29}},"18":{"start":{"line":35,"column":17},"end":{"line":35,"column":47}},"19":{"start":{"line":36,"column":19},"end":{"line":36,"column":45}},"20":{"start":{"line":38,"column":2},"end":{"line":38,"column":null}},"21":{"start":{"line":38,"column":20},"end":{"line":38,"column":null}},"22":{"start":{"line":39,"column":2},"end":{"line":39,"column":null}},"23":{"start":{"line":39,"column":21},"end":{"line":39,"column":null}},"24":{"start":{"line":41,"column":20},"end":{"line":41,"column":45}},"25":{"start":{"line":42,"column":2},"end":{"line":42,"column":null}},"26":{"start":{"line":42,"column":22},"end":{"line":42,"column":null}},"27":{"start":{"line":44,"column":19},"end":{"line":44,"column":45}},"28":{"start":{"line":45,"column":2},"end":{"line":45,"column":null}},"29":{"start":{"line":45,"column":20},"end":{"line":45,"column":null}},"30":{"start":{"line":47,"column":2},"end":{"line":47,"column":null}}},"fnMap":{"0":{"name":"formatTimestamp","decl":{"start":{"line":5,"column":16},"end":{"line":5,"column":32}},"loc":{"start":{"line":5,"column":57},"end":{"line":8,"column":null}},"line":5},"1":{"name":"formatDuration","decl":{"start":{"line":11,"column":16},"end":{"line":11,"column":31}},"loc":{"start":{"line":11,"column":56},"end":{"line":18,"column":null}},"line":11},"2":{"name":"formatFileSize","decl":{"start":{"line":21,"column":16},"end":{"line":21,"column":31}},"loc":{"start":{"line":21,"column":54},"end":{"line":29,"column":null}},"line":21},"3":{"name":"formatRelativeTime","decl":{"start":{"line":32,"column":16},"end":{"line":32,"column":35}},"loc":{"start":{"line":32,"column":57},"end":{"line":47,"column":null}},"line":32}},"branchMap":{"0":{"loc":{"start":{"line":12,"column":2},"end":{"line":16,"column":null}},"type":"if","locations":[{"start":{"line":12,"column":2},"end":{"line":16,"column":null}},{"start":{},"end":{}}],"line":12},"1":{"loc":{"start":{"line":25,"column":9},"end":{"line":25,"column":55}},"type":"binary-expr","locations":[{"start":{"line":25,"column":9},"end":{"line":25,"column":25}},{"start":{"line":25,"column":25},"end":{"line":25,"column":55}}],"line":25},"2":{"loc":{"start":{"line":38,"column":2},"end":{"line":38,"column":null}},"type":"if","locations":[{"start":{"line":38,"column":2},"end":{"line":38,"column":null}},{"start":{},"end":{}}],"line":38},"3":{"loc":{"start":{"line":39,"column":2},"end":{"line":39,"column":null}},"type":"if","locations":[{"start":{"line":39,"column":2},"end":{"line":39,"column":null}},{"start":{},"end":{}}],"line":39},"4":{"loc":{"start":{"line":42,"column":2},"end":{"line":42,"column":null}},"type":"if","locations":[{"start":{"line":42,"column":2},"end":{"line":42,"column":null}},{"start":{},"end":{}}],"line":42},"5":{"loc":{"start":{"line":45,"column":2},"end":{"line":45,"column":null}},"type":"if","locations":[{"start":{"line":45,"column":2},"end":{"line":45,"column":null}},{"start":{},"end":{}}],"line":45}},"s":{"0":8,"1":8,"2":8,"3":4,"4":1,"5":1,"6":1,"7":1,"8":3,"9":4,"10":4,"11":4,"12":4,"13":6,"14":6,"15":4,"16":4,"17":4,"18":4,"19":4,"20":4,"21":1,"22":3,"23":3,"24":2,"25":2,"26":2,"27":1,"28":1,"29":1,"30":0},"f":{"0":8,"1":4,"2":4,"3":4},"b":{"0":[1,3],"1":[4,6],"2":[1,3],"3":[1,2],"4":[1,1],"5":[1,0]},"meta":{"lastBranch":6,"lastFunction":4,"lastStatement":31,"seen":{"f:5:16:5:32":0,"s:6:15:6:39":0,"s:7:15:7:39":1,"s:8:2:8:Infinity":2,"f:11:16:11:31":1,"b:12:2:16:Infinity:undefined:undefined:undefined:undefined":0,"s:12:2:16:Infinity":3,"s:13:18:13:44":4,"s:14:17:14:50":5,"s:15:17:15:41":6,"s:16:4:16:Infinity":7,"s:18:2:18:Infinity":8,"f:21:16:21:31":2,"s:22:16:22:Infinity":9,"s:23:13:23:Infinity":10,"s:24:18:24:Infinity":11,"s:25:2:27:Infinity":12,"b:25:9:25:25:25:25:25:55":1,"s:26:4:26:Infinity":13,"s:27:4:27:Infinity":14,"s:29:2:29:Infinity":15,"f:32:16:32:35":3,"s:33:14:33:24":16,"s:34:15:34:29":17,"s:35:17:35:47":18,"s:36:19:36:45":19,"b:38:2:38:Infinity:undefined:undefined:undefined:undefined":2,"s:38:2:38:Infinity":20,"s:38:20:38:Infinity":21,"b:39:2:39:Infinity:undefined:undefined:undefined:undefined":3,"s:39:2:39:Infinity":22,"s:39:21:39:Infinity":23,"s:41:20:41:45":24,"b:42:2:42:Infinity:undefined:undefined:undefined:undefined":4,"s:42:2:42:Infinity":25,"s:42:22:42:Infinity":26,"s:44:19:44:45":27,"b:45:2:45:Infinity:undefined:undefined:undefined:undefined":5,"s:45:2:45:Infinity":28,"s:45:20:45:Infinity":29,"s:47:2:47:Infinity":30}}}
}
